<?xml version="1.0" encoding="UTF-8"?>
<!-- Generated by org.testng.reporters.JUnitXMLReporter -->
<testsuite hostname="DESKTOP-541KTCM" ignored="0" name="Default test" tests="4" failures="0" timestamp="19 Aug 2020 17:03:45 GMT" time="60.304" errors="0">
  <testcase name="verifyingLoginPageTitle" time="7.432" classname="com.huspot.tests.LoginPageTest"/>
  <testcase name="verifyingSignUpLinkTest" time="7.317" classname="com.huspot.tests.LoginPageTest"/>
  <testcase name="logIntest" time="10.027" classname="com.huspot.tests.LoginPageTest"/>
  <testcase name="checkPravacyLinkTest" time="7.904" classname="com.huspot.tests.LoginPageTest"/>
</testsuite> <!-- Default test -->
