<?xml version="1.0" encoding="UTF-8"?>
<testng-results skipped="0" failed="0" ignored="0" total="4" passed="4">
  <reporter-output>
  </reporter-output>
  <suite name="Default suite" duration-ms="60304" started-at="2020-08-19T17:02:44Z" finished-at="2020-08-19T17:03:44Z">
    <groups>
    </groups>
    <test name="Default test" duration-ms="60304" started-at="2020-08-19T17:02:44Z" finished-at="2020-08-19T17:03:44Z">
      <class name="com.huspot.tests.LoginPageTest">
        <test-method status="PASS" signature="setup()[pri:0, instance:com.huspot.tests.LoginPageTest@1ffe63b9]" name="setup" is-config="true" duration-ms="6608" started-at="2020-08-19T17:02:44Z" finished-at="2020-08-19T17:02:51Z">
          <reporter-output>
          </reporter-output>
        </test-method> <!-- setup -->
        <test-method status="PASS" signature="verifyingLoginPageTitle()[pri:1, instance:com.huspot.tests.LoginPageTest@1ffe63b9]" name="verifyingLoginPageTitle" duration-ms="7432" started-at="2020-08-19T17:02:51Z" finished-at="2020-08-19T17:02:58Z">
          <reporter-output>
          </reporter-output>
        </test-method> <!-- verifyingLoginPageTitle -->
        <test-method status="PASS" signature="tearDown()[pri:0, instance:com.huspot.tests.LoginPageTest@1ffe63b9]" name="tearDown" is-config="true" duration-ms="705" started-at="2020-08-19T17:02:58Z" finished-at="2020-08-19T17:02:59Z">
          <reporter-output>
          </reporter-output>
        </test-method> <!-- tearDown -->
        <test-method status="PASS" signature="setup()[pri:0, instance:com.huspot.tests.LoginPageTest@1ffe63b9]" name="setup" is-config="true" duration-ms="5938" started-at="2020-08-19T17:02:59Z" finished-at="2020-08-19T17:03:05Z">
          <reporter-output>
          </reporter-output>
        </test-method> <!-- setup -->
        <test-method status="PASS" signature="verifyingSignUpLinkTest()[pri:2, instance:com.huspot.tests.LoginPageTest@1ffe63b9]" name="verifyingSignUpLinkTest" duration-ms="7317" started-at="2020-08-19T17:03:05Z" finished-at="2020-08-19T17:03:12Z">
          <reporter-output>
          </reporter-output>
        </test-method> <!-- verifyingSignUpLinkTest -->
        <test-method status="PASS" signature="tearDown()[pri:0, instance:com.huspot.tests.LoginPageTest@1ffe63b9]" name="tearDown" is-config="true" duration-ms="696" started-at="2020-08-19T17:03:12Z" finished-at="2020-08-19T17:03:13Z">
          <reporter-output>
          </reporter-output>
        </test-method> <!-- tearDown -->
        <test-method status="PASS" signature="setup()[pri:0, instance:com.huspot.tests.LoginPageTest@1ffe63b9]" name="setup" is-config="true" duration-ms="6026" started-at="2020-08-19T17:03:13Z" finished-at="2020-08-19T17:03:19Z">
          <reporter-output>
          </reporter-output>
        </test-method> <!-- setup -->
        <test-method status="PASS" signature="logIntest()[pri:3, instance:com.huspot.tests.LoginPageTest@1ffe63b9]" name="logIntest" duration-ms="10027" started-at="2020-08-19T17:03:19Z" finished-at="2020-08-19T17:03:29Z">
          <reporter-output>
          </reporter-output>
        </test-method> <!-- logIntest -->
        <test-method status="PASS" signature="tearDown()[pri:0, instance:com.huspot.tests.LoginPageTest@1ffe63b9]" name="tearDown" is-config="true" duration-ms="986" started-at="2020-08-19T17:03:29Z" finished-at="2020-08-19T17:03:30Z">
          <reporter-output>
          </reporter-output>
        </test-method> <!-- tearDown -->
        <test-method status="PASS" signature="setup()[pri:0, instance:com.huspot.tests.LoginPageTest@1ffe63b9]" name="setup" is-config="true" duration-ms="5984" started-at="2020-08-19T17:03:30Z" finished-at="2020-08-19T17:03:36Z">
          <reporter-output>
          </reporter-output>
        </test-method> <!-- setup -->
        <test-method status="PASS" signature="checkPravacyLinkTest()[pri:4, instance:com.huspot.tests.LoginPageTest@1ffe63b9]" name="checkPravacyLinkTest" duration-ms="7904" started-at="2020-08-19T17:03:36Z" finished-at="2020-08-19T17:03:44Z">
          <reporter-output>
          </reporter-output>
        </test-method> <!-- checkPravacyLinkTest -->
        <test-method status="PASS" signature="tearDown()[pri:0, instance:com.huspot.tests.LoginPageTest@1ffe63b9]" name="tearDown" is-config="true" duration-ms="636" started-at="2020-08-19T17:03:44Z" finished-at="2020-08-19T17:03:44Z">
          <reporter-output>
          </reporter-output>
        </test-method> <!-- tearDown -->
      </class> <!-- com.huspot.tests.LoginPageTest -->
    </test> <!-- Default test -->
  </suite> <!-- Default suite -->
</testng-results>
